<?xml version="1.0" encoding="UTF-8"?>
<!-- Generated by org.testng.reporters.JUnitXMLReporter -->
<testsuite hostname="tester-VirtualBox" name="Cheese Test" tests="1" failures="1" timestamp="6 Nov 2020 15:52:06 GMT" time="0.025" errors="0">
  <testcase name="Test3" time="0.008" classname="Tests.CheeseTest">
    <failure type="java.lang.NullPointerException">
      <![CDATA[java.lang.NullPointerException
	at Tests.CheeseTest.Test3(CheeseTest.java:13)
... Removed 24 stack frames]]>
    </failure>
  </testcase> <!-- Test3 -->
</testsuite> <!-- Cheese Test -->
