<?xml version="1.0" encoding="UTF-8"?>
<!-- Generated by org.testng.reporters.JUnitXMLReporter -->
<testsuite hostname="tester-VirtualBox" name="Test" tests="3" failures="0" timestamp="11 Nov 2020 13:12:19 GMT" time="14.96" errors="0">
  <testcase name="Login" time="5.429" classname="Tests.OrangeHrmSiteTest"/>
  <testcase name="AddingCandidates" time="6.581" classname="Tests.OrangeHrmSiteTest"/>
  <testcase name="DeleteCandidateAndLogOut" time="2.928" classname="Tests.OrangeHrmSiteTest"/>
</testsuite> <!-- Test -->
