<?xml version="1.0" encoding="UTF-8"?>
<!-- Generated by org.testng.reporters.JUnitXMLReporter -->
<testsuite hostname="tester-VirtualBox" name="OrangeHRM Test" tests="3" failures="0" timestamp="6 Nov 2020 15:52:37 GMT" time="21.275" errors="0">
  <testcase name="TestLogin" time="5.476" classname="Tests.OrangeHrmSiteTest"/>
  <testcase name="TestingCandidates" time="13.319" classname="Tests.OrangeHrmSiteTest"/>
  <testcase name="TestingCandidates2" time="2.457" classname="Tests.OrangeHrmSiteTest"/>
</testsuite> <!-- OrangeHRM Test -->
