<?xml version="1.0" encoding="UTF-8"?>
<!-- Generated by org.testng.reporters.JUnitXMLReporter -->
<testsuite hostname="tester-VirtualBox" ignored="0" name="Default test" tests="9" failures="0" timestamp="24 Dec 2020 14:41:46 GMT" time="28.013" errors="0">
  <testcase name="login" time="1.927" classname="Tests.Tests"/>
  <testcase name="createStudents" time="5.062" classname="Tests.Tests"/>
  <testcase name="editStudent" time="1.228" classname="Tests.Tests"/>
  <testcase name="deleteStudents" time="3.974" classname="Tests.Tests"/>
  <testcase name="addTeacher" time="2.741" classname="Tests.Tests"/>
  <testcase name="addStudents" time="4.157" classname="Tests.Tests"/>
  <testcase name="addSubject" time="2.062" classname="Tests.Tests"/>
  <testcase name="addExamPeriod" time="3.334" classname="Tests.Tests"/>
  <testcase name="addExamRegistration" time="3.474" classname="Tests.Tests"/>
</testsuite> <!-- Default test -->
